c:\users\jonathan\desktop\vulkan\renderer\bin-int\debug\vc143.pdb
c:\users\jonathan\desktop\vulkan\renderer\bin-int\debug\main.obj
c:\users\jonathan\desktop\vulkan\renderer\bin-int\debug\vulkaninstance.obj
c:\users\jonathan\desktop\vulkan\renderer\bin-int\debug\vulkandebugger.obj
c:\users\jonathan\desktop\vulkan\renderer\bin-int\debug\vulkanapi.obj
c:\users\jonathan\desktop\vulkan\renderer\bin-int\debug\swapchain.obj
c:\users\jonathan\desktop\vulkan\renderer\bin-int\debug\renderer.obj
c:\users\jonathan\desktop\vulkan\renderer\bin-int\debug\renderpass.obj
c:\users\jonathan\desktop\vulkan\renderer\bin-int\debug\graphicpipeline.obj
c:\users\jonathan\desktop\vulkan\renderer\bin-int\debug\gpuhandle.obj
c:\users\jonathan\desktop\vulkan\renderer\bin-int\debug\gpu.obj
c:\users\jonathan\desktop\vulkan\renderer\bin-int\debug\vertexbuffer.obj
c:\users\jonathan\desktop\vulkan\renderer\bin-int\debug\commandpool.obj
c:\users\jonathan\desktop\vulkan\renderer\bin-int\debug\gui.obj
c:\users\jonathan\desktop\vulkan\renderer\bin-int\debug\testwindow.obj
c:\users\jonathan\desktop\vulkan\renderer\bin-int\debug\guielement.obj
c:\users\jonathan\desktop\vulkan\renderer\bin-int\debug\buffer.obj
c:\users\jonathan\desktop\vulkan\renderer\bin-int\debug\buffermanager.obj
c:\users\jonathan\desktop\vulkan\renderer\bin-int\debug\model.obj
c:\users\jonathan\desktop\vulkan\renderer\bin\renderer.exe
c:\users\jonathan\desktop\vulkan\renderer\bin-int\debug\renderer.ilk
c:\users\jonathan\desktop\vulkan\renderer\bin\renderer.pdb
c:\users\jonathan\desktop\vulkan\renderer\bin-int\debug\graphicsapi.obj
c:\users\jonathan\desktop\vulkan\renderer\bin-int\debug\indexbuffer.obj
c:\users\jonathan\desktop\vulkan\renderer\bin-int\debug\pipeline.obj
c:\users\jonathan\desktop\vulkan\renderer\bin-int\debug\stagingbuffer.obj
c:\users\jonathan\desktop\vulkan\renderer\bin-int\debug\renderer.tlog\cl.command.1.tlog
c:\users\jonathan\desktop\vulkan\renderer\bin-int\debug\renderer.tlog\cl.read.1.tlog
c:\users\jonathan\desktop\vulkan\renderer\bin-int\debug\renderer.tlog\cl.write.1.tlog
c:\users\jonathan\desktop\vulkan\renderer\bin-int\debug\renderer.tlog\link.command.1.tlog
c:\users\jonathan\desktop\vulkan\renderer\bin-int\debug\renderer.tlog\link.read.1.tlog
c:\users\jonathan\desktop\vulkan\renderer\bin-int\debug\renderer.tlog\link.write.1.tlog
