  Buffer.cpp
C:\Users\Jonathan\Desktop\VulkanAPI\VulkanAPI\VulkanAPI\src\Buffer.cpp(40,1): fatal error C1010: unexpected end of file while looking for precompiled header. Did you forget to add '#include "pch.h"' to your source?
  CommandPool.cpp
C:\Users\Jonathan\Desktop\VulkanAPI\VulkanAPI\VulkanAPI\src\CommandPool.cpp(33,1): fatal error C1010: unexpected end of file while looking for precompiled header. Did you forget to add '#include "pch.h"' to your source?
  GPU.cpp
C:\Users\Jonathan\Desktop\VulkanAPI\VulkanAPI\VulkanAPI\src\GPU.cpp(105,1): fatal error C1010: unexpected end of file while looking for precompiled header. Did you forget to add '#include "pch.h"' to your source?
  GPUHandle.cpp
C:\Users\Jonathan\Desktop\VulkanAPI\VulkanAPI\VulkanAPI\src\GPUHandle.cpp(55,1): fatal error C1010: unexpected end of file while looking for precompiled header. Did you forget to add '#include "pch.h"' to your source?
  GraphicPipeline.cpp
C:\Users\Jonathan\Desktop\VulkanAPI\VulkanAPI\VulkanAPI\src\GraphicPipeline.cpp(209,1): fatal error C1010: unexpected end of file while looking for precompiled header. Did you forget to add '#include "pch.h"' to your source?
  Mesh.cpp
C:\Users\Jonathan\Desktop\VulkanAPI\VulkanAPI\VulkanAPI\src\Mesh.cpp(8,1): fatal error C1010: unexpected end of file while looking for precompiled header. Did you forget to add '#include "pch.h"' to your source?
  MeshFactory.cpp
C:\Users\Jonathan\Desktop\VulkanAPI\VulkanAPI\VulkanAPI\src\MeshFactory.cpp(124,1): fatal error C1010: unexpected end of file while looking for precompiled header. Did you forget to add '#include "pch.h"' to your source?
  RenderPass.cpp
C:\Users\Jonathan\Desktop\VulkanAPI\VulkanAPI\VulkanAPI\src\RenderPass.cpp(60,1): fatal error C1010: unexpected end of file while looking for precompiled header. Did you forget to add '#include "pch.h"' to your source?
  Swapchain.cpp
C:\Users\Jonathan\Desktop\VulkanAPI\VulkanAPI\VulkanAPI\src\Swapchain.cpp(227,1): fatal error C1010: unexpected end of file while looking for precompiled header. Did you forget to add '#include "pch.h"' to your source?
  VulkanAPI.cpp
C:\Users\Jonathan\Desktop\VulkanAPI\VulkanAPI\VulkanAPI\src\VulkanAPI.cpp(190,1): fatal error C1010: unexpected end of file while looking for precompiled header. Did you forget to add '#include "pch.h"' to your source?
  VulkanDebugger.cpp
C:\Users\Jonathan\Desktop\VulkanAPI\VulkanAPI\VulkanAPI\src\VulkanDebugger.cpp(33,1): fatal error C1010: unexpected end of file while looking for precompiled header. Did you forget to add '#include "pch.h"' to your source?
  VulkanInstance.cpp
C:\Users\Jonathan\Desktop\VulkanAPI\VulkanAPI\VulkanAPI\src\VulkanInstance.cpp(310,1): fatal error C1010: unexpected end of file while looking for precompiled header. Did you forget to add '#include "pch.h"' to your source?
  Generating Code...
